# JRE version: OpenJDK Runtime Environment (8.0_152-b01) (build 1.8.0_152-release-915-b01)
# Java VM: OpenJDK 64-Bit Server VM (25.152-b01 mixed mode windows-amd64 compressed oops)
Heap:
 PSYoungGen      total 287744K, used 5710K [0x000000076ab00000, 0x000000077df00000, 0x00000007c0000000)
  eden space 264704K, 1% used [0x000000076ab00000,0x000000076af951d0,0x000000077ad80000)
  from space 23040K, 4% used [0x000000077c580000,0x000000077c67e6f8,0x000000077dc00000)
  to   space 24576K, 0% used [0x000000077ad80000,0x000000077ad80000,0x000000077c580000)
 ParOldGen       total 162816K, used 87296K [0x00000006c0000000, 0x00000006c9f00000, 0x000000076ab00000)
  object space 162816K, 53% used [0x00000006c0000000,0x00000006c55400d8,0x00000006c9f00000)
 Metaspace       used 6276K, capacity 7216K, committed 7296K, reserved 1056768K
  class space    used 577K, capacity 616K, committed 640K, reserved 1048576K
GC Heap History (10 events):
Event: 5.512 GC heap before
{Heap before GC invocations=5 (full 0):
 PSYoungGen      total 138240K, used 138226K [0x000000076ab00000, 0x0000000773700000, 0x00000007c0000000)
  eden space 133120K, 100% used [0x000000076ab00000,0x0000000772d00000,0x0000000772d00000)
  from space 5120K, 99% used [0x0000000773200000,0x00000007736fca88,0x0000000773700000)
  to   space 5120K, 0% used [0x0000000772d00000,0x0000000772d00000,0x0000000773200000)
 ParOldGen       total 87552K, used 26989K [0x00000006c0000000, 0x00000006c5580000, 0x000000076ab00000)
  object space 87552K, 30% used [0x00000006c0000000,0x00000006c1a5b428,0x00000006c5580000)
 Metaspace       used 6235K, capacity 7152K, committed 7296K, reserved 1056768K
  class space    used 577K, capacity 616K, committed 640K, reserved 1048576K
Event: 5.579 GC heap after
Heap after GC invocations=5 (full 0):
 PSYoungGen      total 138240K, used 5118K [0x000000076ab00000, 0x000000077dc00000, 0x00000007c0000000)
  eden space 133120K, 0% used [0x000000076ab00000,0x000000076ab00000,0x0000000772d00000)
  from space 5120K, 99% used [0x0000000772d00000,0x00000007731ff968,0x0000000773200000)
  to   space 23040K, 0% used [0x000000077c580000,0x000000077c580000,0x000000077dc00000)
 ParOldGen       total 87552K, used 44272K [0x00000006c0000000, 0x00000006c5580000, 0x000000076ab00000)
  object space 87552K, 50% used [0x00000006c0000000,0x00000006c2b3c060,0x00000006c5580000)
 Metaspace       used 6235K, capacity 7152K, committed 7296K, reserved 1056768K
  class space    used 577K, capacity 616K, committed 640K, reserved 1048576K
}
Event: 6.281 GC heap before
{Heap before GC invocations=6 (full 0):
 PSYoungGen      total 138240K, used 138238K [0x000000076ab00000, 0x000000077dc00000, 0x00000007c0000000)
  eden space 133120K, 100% used [0x000000076ab00000,0x0000000772d00000,0x0000000772d00000)
  from space 5120K, 99% used [0x0000000772d00000,0x00000007731ff968,0x0000000773200000)
  to   space 23040K, 0% used [0x000000077c580000,0x000000077c580000,0x000000077dc00000)
 ParOldGen       total 87552K, used 44272K [0x00000006c0000000, 0x00000006c5580000, 0x000000076ab00000)
  object space 87552K, 50% used [0x00000006c0000000,0x00000006c2b3c060,0x00000006c5580000)
 Metaspace       used 6267K, capacity 7216K, committed 7296K, reserved 1056768K
  class space    used 577K, capacity 616K, committed 640K, reserved 1048576K
Event: 6.334 GC heap after
Heap after GC invocations=6 (full 0):
 PSYoungGen      total 287744K, used 19715K [0x000000076ab00000, 0x000000077df00000, 0x00000007c0000000)
  eden space 264704K, 0% used [0x000000076ab00000,0x000000076ab00000,0x000000077ad80000)
  from space 23040K, 85% used [0x000000077c580000,0x000000077d8c0ed8,0x000000077dc00000)
  to   space 24576K, 0% used [0x000000077ad80000,0x000000077ad80000,0x000000077c580000)
 ParOldGen       total 87552K, used 44272K [0x00000006c0000000, 0x00000006c5580000, 0x000000076ab00000)
  object space 87552K, 50% used [0x00000006c0000000,0x00000006c2b3c060,0x00000006c5580000)
 Metaspace       used 6267K, capacity 7216K, committed 7296K, reserved 1056768K
  class space    used 577K, capacity 616K, committed 640K, reserved 1048576K
}
Event: 7.197 GC heap before
{Heap before GC invocations=7 (full 0):
 PSYoungGen      total 287744K, used 284419K [0x000000076ab00000, 0x000000077df00000, 0x00000007c0000000)
  eden space 264704K, 100% used [0x000000076ab00000,0x000000077ad80000,0x000000077ad80000)
  from space 23040K, 85% used [0x000000077c580000,0x000000077d8c0ed8,0x000000077dc00000)
  to   space 24576K, 0% used [0x000000077ad80000,0x000000077ad80000,0x000000077c580000)
 ParOldGen       total 87552K, used 44272K [0x00000006c0000000, 0x00000006c5580000, 0x000000076ab00000)
  object space 87552K, 50% used [0x00000006c0000000,0x00000006c2b3c060,0x00000006c5580000)
 Metaspace       used 6271K, capacity 7216K, committed 7296K, reserved 1056768K
  class space    used 577K, capacity 616K, committed 640K, reserved 1048576K
Event: 7.285 GC heap after
Heap after GC invocations=7 (full 0):
 PSYoungGen      total 289280K, used 24546K [0x000000076ab00000, 0x000000077df00000, 0x00000007c0000000)
  eden space 264704K, 0% used [0x000000076ab00000,0x000000076ab00000,0x000000077ad80000)
  from space 24576K, 99% used [0x000000077ad80000,0x000000077c578930,0x000000077c580000)
  to   space 23040K, 0% used [0x000000077c580000,0x000000077c580000,0x000000077dc00000)
 ParOldGen       total 87552K, used 54778K [0x00000006c0000000, 0x00000006c5580000, 0x000000076ab00000)
  object space 87552K, 62% used [0x00000006c0000000,0x00000006c357e8a0,0x00000006c5580000)
 Metaspace       used 6271K, capacity 7216K, committed 7296K, reserved 1056768K
  class space    used 577K, capacity 616K, committed 640K, reserved 1048576K
}
Event: 8.961 GC heap before
{Heap before GC invocations=8 (full 0):
 PSYoungGen      total 289280K, used 289250K [0x000000076ab00000, 0x000000077df00000, 0x00000007c0000000)
  eden space 264704K, 100% used [0x000000076ab00000,0x000000077ad80000,0x000000077ad80000)
  from space 24576K, 99% used [0x000000077ad80000,0x000000077c578930,0x000000077c580000)
  to   space 23040K, 0% used [0x000000077c580000,0x000000077c580000,0x000000077dc00000)
 ParOldGen       total 87552K, used 54778K [0x00000006c0000000, 0x00000006c5580000, 0x000000076ab00000)
  object space 87552K, 62% used [0x00000006c0000000,0x00000006c357e8a0,0x00000006c5580000)
 Metaspace       used 6276K, capacity 7216K, committed 7296K, reserved 1056768K
  class space    used 577K, capacity 616K, committed 640K, reserved 1048576K
Event: 9.539 GC heap after
Heap after GC invocations=8 (full 0):
 PSYoungGen      total 287744K, used 23039K [0x000000076ab00000, 0x000000077df00000, 0x00000007c0000000)
  eden space 264704K, 0% used [0x000000076ab00000,0x000000076ab00000,0x000000077ad80000)
  from space 23040K, 99% used [0x000000077c580000,0x000000077dbffe78,0x000000077dc00000)
  to   space 24576K, 0% used [0x000000077ad80000,0x000000077ad80000,0x000000077c580000)
 ParOldGen       total 87552K, used 78523K [0x00000006c0000000, 0x00000006c5580000, 0x000000076ab00000)
  object space 87552K, 89% used [0x00000006c0000000,0x00000006c4caed90,0x00000006c5580000)
 Metaspace       used 6276K, capacity 7216K, committed 7296K, reserved 1056768K
  class space    used 577K, capacity 616K, committed 640K, reserved 1048576K
}
Event: 9.539 GC heap before
{Heap before GC invocations=9 (full 1):
 PSYoungGen      total 287744K, used 23039K [0x000000076ab00000, 0x000000077df00000, 0x00000007c0000000)
  eden space 264704K, 0% used [0x000000076ab00000,0x000000076ab00000,0x000000077ad80000)
  from space 23040K, 99% used [0x000000077c580000,0x000000077dbffe78,0x000000077dc00000)
  to   space 24576K, 0% used [0x000000077ad80000,0x000000077ad80000,0x000000077c580000)
 ParOldGen       total 87552K, used 78523K [0x00000006c0000000, 0x00000006c5580000, 0x000000076ab00000)
  object space 87552K, 89% used [0x00000006c0000000,0x00000006c4caed90,0x00000006c5580000)
 Metaspace       used 6276K, capacity 7216K, committed 7296K, reserved 1056768K
  class space    used 577K, capacity 616K, committed 640K, reserved 1048576K
Event: 11.594 GC heap after
Heap after GC invocations=9 (full 1):
 PSYoungGen      total 287744K, used 1017K [0x000000076ab00000, 0x000000077df00000, 0x00000007c0000000)
  eden space 264704K, 0% used [0x000000076ab00000,0x000000076ab00000,0x000000077ad80000)
  from space 23040K, 4% used [0x000000077c580000,0x000000077c67e6f8,0x000000077dc00000)
  to   space 24576K, 0% used [0x000000077ad80000,0x000000077ad80000,0x000000077c580000)
 ParOldGen       total 162816K, used 87296K [0x00000006c0000000, 0x00000006c9f00000, 0x000000076ab00000)
  object space 162816K, 53% used [0x00000006c0000000,0x00000006c55400d8,0x00000006c9f00000)
 Metaspace       used 6276K, capacity 7216K, committed 7296K, reserved 1056768K
  class space    used 577K, capacity 616K, committed 640K, reserved 1048576K
}

