# JRE version: OpenJDK Runtime Environment (8.0_152-b01) (build 1.8.0_152-release-915-b01)
# Java VM: OpenJDK 64-Bit Server VM (25.152-b01 mixed mode windows-amd64 compressed oops)
Heap:
 PSYoungGen      total 270336K, used 10851K [0x000000076ab00000, 0x0000000790a00000, 0x00000007c0000000)
  eden space 245248K, 4% used [0x000000076ab00000,0x000000076b598d50,0x0000000779a80000)
  from space 25088K, 0% used [0x000000077c780000,0x000000077c780000,0x000000077e000000)
  to   space 46080K, 0% used [0x0000000779a80000,0x0000000779a80000,0x000000077c780000)
 ParOldGen       total 164352K, used 87447K [0x00000006c0000000, 0x00000006ca080000, 0x000000076ab00000)
  object space 164352K, 53% used [0x00000006c0000000,0x00000006c5565e80,0x00000006ca080000)
 Metaspace       used 6285K, capacity 7216K, committed 7296K, reserved 1056768K
  class space    used 578K, capacity 616K, committed 640K, reserved 1048576K
GC Heap History (10 events):
Event: 6.697 GC heap before
{Heap before GC invocations=5 (full 0):
 PSYoungGen      total 138240K, used 138230K [0x000000076ab00000, 0x0000000773700000, 0x00000007c0000000)
  eden space 133120K, 100% used [0x000000076ab00000,0x0000000772d00000,0x0000000772d00000)
  from space 5120K, 99% used [0x0000000773200000,0x00000007736fd818,0x0000000773700000)
  to   space 5120K, 0% used [0x0000000772d00000,0x0000000772d00000,0x0000000773200000)
 ParOldGen       total 87552K, used 28488K [0x00000006c0000000, 0x00000006c5580000, 0x000000076ab00000)
  object space 87552K, 32% used [0x00000006c0000000,0x00000006c1bd2130,0x00000006c5580000)
 Metaspace       used 6271K, capacity 7216K, committed 7296K, reserved 1056768K
  class space    used 578K, capacity 616K, committed 640K, reserved 1048576K
Event: 6.828 GC heap after
Heap after GC invocations=5 (full 0):
 PSYoungGen      total 138240K, used 5094K [0x000000076ab00000, 0x000000077e000000, 0x00000007c0000000)
  eden space 133120K, 0% used [0x000000076ab00000,0x000000076ab00000,0x0000000772d00000)
  from space 5120K, 99% used [0x0000000772d00000,0x00000007731f9bf8,0x0000000773200000)
  to   space 25088K, 0% used [0x000000077c780000,0x000000077c780000,0x000000077e000000)
 ParOldGen       total 87552K, used 47774K [0x00000006c0000000, 0x00000006c5580000, 0x000000076ab00000)
  object space 87552K, 54% used [0x00000006c0000000,0x00000006c2ea7880,0x00000006c5580000)
 Metaspace       used 6271K, capacity 7216K, committed 7296K, reserved 1056768K
  class space    used 578K, capacity 616K, committed 640K, reserved 1048576K
}
Event: 8.000 GC heap before
{Heap before GC invocations=6 (full 0):
 PSYoungGen      total 138240K, used 138214K [0x000000076ab00000, 0x000000077e000000, 0x00000007c0000000)
  eden space 133120K, 100% used [0x000000076ab00000,0x0000000772d00000,0x0000000772d00000)
  from space 5120K, 99% used [0x0000000772d00000,0x00000007731f9bf8,0x0000000773200000)
  to   space 25088K, 0% used [0x000000077c780000,0x000000077c780000,0x000000077e000000)
 ParOldGen       total 87552K, used 47774K [0x00000006c0000000, 0x00000006c5580000, 0x000000076ab00000)
  object space 87552K, 54% used [0x00000006c0000000,0x00000006c2ea7880,0x00000006c5580000)
 Metaspace       used 6281K, capacity 7216K, committed 7296K, reserved 1056768K
  class space    used 578K, capacity 616K, committed 640K, reserved 1048576K
Event: 8.105 GC heap after
Heap after GC invocations=6 (full 0):
 PSYoungGen      total 289792K, used 20133K [0x000000076ab00000, 0x000000077e300000, 0x00000007c0000000)
  eden space 264704K, 0% used [0x000000076ab00000,0x000000076ab00000,0x000000077ad80000)
  from space 25088K, 80% used [0x000000077c780000,0x000000077db294c0,0x000000077e000000)
  to   space 26624K, 0% used [0x000000077ad80000,0x000000077ad80000,0x000000077c780000)
 ParOldGen       total 87552K, used 47774K [0x00000006c0000000, 0x00000006c5580000, 0x000000076ab00000)
  object space 87552K, 54% used [0x00000006c0000000,0x00000006c2ea7880,0x00000006c5580000)
 Metaspace       used 6281K, capacity 7216K, committed 7296K, reserved 1056768K
  class space    used 578K, capacity 616K, committed 640K, reserved 1048576K
}
Event: 9.393 GC heap before
{Heap before GC invocations=7 (full 0):
 PSYoungGen      total 289792K, used 284837K [0x000000076ab00000, 0x000000077e300000, 0x00000007c0000000)
  eden space 264704K, 100% used [0x000000076ab00000,0x000000077ad80000,0x000000077ad80000)
  from space 25088K, 80% used [0x000000077c780000,0x000000077db294c0,0x000000077e000000)
  to   space 26624K, 0% used [0x000000077ad80000,0x000000077ad80000,0x000000077c780000)
 ParOldGen       total 87552K, used 47774K [0x00000006c0000000, 0x00000006c5580000, 0x000000076ab00000)
  object space 87552K, 54% used [0x00000006c0000000,0x00000006c2ea7880,0x00000006c5580000)
 Metaspace       used 6282K, capacity 7216K, committed 7296K, reserved 1056768K
  class space    used 578K, capacity 616K, committed 640K, reserved 1048576K
Event: 9.505 GC heap after
Heap after GC invocations=7 (full 0):
 PSYoungGen      total 291328K, used 26612K [0x000000076ab00000, 0x000000077e300000, 0x00000007c0000000)
  eden space 264704K, 0% used [0x000000076ab00000,0x000000076ab00000,0x000000077ad80000)
  from space 26624K, 99% used [0x000000077ad80000,0x000000077c77d130,0x000000077c780000)
  to   space 25088K, 0% used [0x000000077c780000,0x000000077c780000,0x000000077e000000)
 ParOldGen       total 87552K, used 56194K [0x00000006c0000000, 0x00000006c5580000, 0x000000076ab00000)
  object space 87552K, 64% used [0x00000006c0000000,0x00000006c36e0838,0x00000006c5580000)
 Metaspace       used 6282K, capacity 7216K, committed 7296K, reserved 1056768K
  class space    used 578K, capacity 616K, committed 640K, reserved 1048576K
}
Event: 9.991 GC heap before
{Heap before GC invocations=8 (full 0):
 PSYoungGen      total 291328K, used 291316K [0x000000076ab00000, 0x000000077e300000, 0x00000007c0000000)
  eden space 264704K, 100% used [0x000000076ab00000,0x000000077ad80000,0x000000077ad80000)
  from space 26624K, 99% used [0x000000077ad80000,0x000000077c77d130,0x000000077c780000)
  to   space 25088K, 0% used [0x000000077c780000,0x000000077c780000,0x000000077e000000)
 ParOldGen       total 87552K, used 56194K [0x00000006c0000000, 0x00000006c5580000, 0x000000076ab00000)
  object space 87552K, 64% used [0x00000006c0000000,0x00000006c36e0838,0x00000006c5580000)
 Metaspace       used 6285K, capacity 7216K, committed 7296K, reserved 1056768K
  class space    used 578K, capacity 616K, committed 640K, reserved 1048576K
Event: 10.090 GC heap after
Heap after GC invocations=8 (full 0):
 PSYoungGen      total 270336K, used 25086K [0x000000076ab00000, 0x0000000790a00000, 0x00000007c0000000)
  eden space 245248K, 0% used [0x000000076ab00000,0x000000076ab00000,0x0000000779a80000)
  from space 25088K, 99% used [0x000000077c780000,0x000000077dfffab0,0x000000077e000000)
  to   space 46080K, 0% used [0x0000000779a80000,0x0000000779a80000,0x000000077c780000)
 ParOldGen       total 87552K, used 78884K [0x00000006c0000000, 0x00000006c5580000, 0x000000076ab00000)
  object space 87552K, 90% used [0x00000006c0000000,0x00000006c4d09298,0x00000006c5580000)
 Metaspace       used 6285K, capacity 7216K, committed 7296K, reserved 1056768K
  class space    used 578K, capacity 616K, committed 640K, reserved 1048576K
}
Event: 10.090 GC heap before
{Heap before GC invocations=9 (full 1):
 PSYoungGen      total 270336K, used 25086K [0x000000076ab00000, 0x0000000790a00000, 0x00000007c0000000)
  eden space 245248K, 0% used [0x000000076ab00000,0x000000076ab00000,0x0000000779a80000)
  from space 25088K, 99% used [0x000000077c780000,0x000000077dfffab0,0x000000077e000000)
  to   space 46080K, 0% used [0x0000000779a80000,0x0000000779a80000,0x000000077c780000)
 ParOldGen       total 87552K, used 78884K [0x00000006c0000000, 0x00000006c5580000, 0x000000076ab00000)
  object space 87552K, 90% used [0x00000006c0000000,0x00000006c4d09298,0x00000006c5580000)
 Metaspace       used 6285K, capacity 7216K, committed 7296K, reserved 1056768K
  class space    used 578K, capacity 616K, committed 640K, reserved 1048576K
Event: 13.209 GC heap after
Heap after GC invocations=9 (full 1):
 PSYoungGen      total 270336K, used 0K [0x000000076ab00000, 0x0000000790a00000, 0x00000007c0000000)
  eden space 245248K, 0% used [0x000000076ab00000,0x000000076ab00000,0x0000000779a80000)
  from space 25088K, 0% used [0x000000077c780000,0x000000077c780000,0x000000077e000000)
  to   space 46080K, 0% used [0x0000000779a80000,0x0000000779a80000,0x000000077c780000)
 ParOldGen       total 164352K, used 87447K [0x00000006c0000000, 0x00000006ca080000, 0x000000076ab00000)
  object space 164352K, 53% used [0x00000006c0000000,0x00000006c5565e80,0x00000006ca080000)
 Metaspace       used 6285K, capacity 7216K, committed 7296K, reserved 1056768K
  class space    used 578K, capacity 616K, committed 640K, reserved 1048576K
}

